0 info it worked if it ends with ok
1 verbose cli [ '/usr/bin/nodejs', '/usr/bin/npm', 'install', 'node' ]
2 info using npm@1.3.10
3 info using node@v0.10.25
4 verbose cache add [ 'node', null ]
5 verbose cache add name=undefined spec="node" args=["node",null]
6 verbose parsed url { protocol: null,
6 verbose parsed url   slashes: null,
6 verbose parsed url   auth: null,
6 verbose parsed url   host: null,
6 verbose parsed url   port: null,
6 verbose parsed url   hostname: null,
6 verbose parsed url   hash: null,
6 verbose parsed url   search: null,
6 verbose parsed url   query: null,
6 verbose parsed url   pathname: 'node',
6 verbose parsed url   path: 'node',
6 verbose parsed url   href: 'node' }
7 silly makeCacheDir cache dir uid, gid [ 0, 0 ]
8 silly lockFile f8e966d1-node node
9 verbose lock node /root/.npm/f8e966d1-node.lock
10 silly lockFile f8e966d1-node node
11 silly lockFile f8e966d1-node node
12 verbose addNamed [ 'node', '' ]
13 verbose addNamed [ null, '*' ]
14 silly lockFile bccd7aa1-node node@
15 verbose lock node@ /root/.npm/bccd7aa1-node.lock
16 silly addNameRange { name: 'node', range: '*', hasData: false }
17 verbose url raw node
18 verbose url resolving [ 'https://registry.npmjs.org/', './node' ]
19 verbose url resolved https://registry.npmjs.org/node
20 info trying registry request attempt 1 at 15:13:29
21 http GET https://registry.npmjs.org/node
22 info retry will retry, error on last attempt: Error: CERT_UNTRUSTED
23 info trying registry request attempt 2 at 15:13:39
24 http GET https://registry.npmjs.org/node
25 info retry will retry, error on last attempt: Error: CERT_UNTRUSTED
26 info trying registry request attempt 3 at 15:14:40
27 http GET https://registry.npmjs.org/node
28 silly lockFile bccd7aa1-node node@
29 silly lockFile bccd7aa1-node node@
30 error Error: CERT_UNTRUSTED
30 error     at SecurePair.<anonymous> (tls.js:1370:32)
30 error     at SecurePair.EventEmitter.emit (events.js:92:17)
30 error     at SecurePair.maybeInitFinished (tls.js:982:10)
30 error     at CleartextStream.read [as _read] (tls.js:469:13)
30 error     at CleartextStream.Readable.read (_stream_readable.js:320:10)
30 error     at EncryptedStream.write [as _write] (tls.js:366:25)
30 error     at doWrite (_stream_writable.js:223:10)
30 error     at writeOrBuffer (_stream_writable.js:213:5)
30 error     at EncryptedStream.Writable.write (_stream_writable.js:180:11)
30 error     at write (_stream_readable.js:583:24)
31 error If you need help, you may report this log at:
31 error     <http://github.com/isaacs/npm/issues>
31 error or email it to:
31 error     <npm-@googlegroups.com>
32 error System Linux 5.3.0-1032-aws
33 error command "/usr/bin/nodejs" "/usr/bin/npm" "install" "node"
34 error cwd /alx-higher_level_programming/0x14-javascript-web_scraping
35 error node -v v0.10.25
36 error npm -v 1.3.10
37 verbose exit [ 1, true ]
